Arguments: 
  /opt/homebrew/Cellar/node/19.7.0/bin/node /opt/homebrew/bin/yarn init -

PATH: 
  /opt/homebrew/opt/ruby@2.7/bin:/opt/homebrew/opt/ruby/bin:/usr/local/lib/ruby/gems/3.1.0/bin:/opt/homebrew/lib/ruby/gems/3.1.0/bin:/opt/homebrew/opt/libpq/bin:/opt/homebrew/opt/openjdk/bin:/opt/homebrew/bin:/opt/homebrew/sbin:/usr/local/bin:/System/Cryptexes/App/usr/bin:/usr/bin:/bin:/usr/sbin:/sbin:/usr/local/share/dotnet:~/.dotnet/tools:/Library/Apple/usr/bin:/Users/eric.dahlgren/.cargo/bin:/Users/eric.dahlgren/.dotnet/tools:/Users/eric.dahlgren/flutter/bin

Yarn version: 
  1.22.19

Node version: 
  19.7.0

Platform: 
  darwin arm64

Trace: 
  Error: canceled
      at Interface.<anonymous> (/opt/homebrew/lib/node_modules/yarn/lib/cli.js:137150:13)
      at Interface.emit (node:events:512:28)
      at [_ttyWrite] [as _ttyWrite] (node:internal/readline/interface:1132:18)
      at ReadStream.onkeypress (node:internal/readline/interface:271:20)
      at ReadStream.emit (node:events:512:28)
      at emitKeys (node:internal/readline/utils:357:14)
      at emitKeys.next (<anonymous>)
      at ReadStream.onData (node:internal/readline/emitKeypressEvents:64:36)
      at ReadStream.emit (node:events:512:28)
      at addChunk (node:internal/streams/readable:324:12)

npm manifest: 
  No manifest

yarn manifest: 
  No manifest

Lockfile: 
  No lockfile
